<?xml version="1.0" encoding="UTF-8"?>
<!-- Generated by org.testng.reporters.JUnitReportReporter -->
<testsuite hostname="DESKTOP-BFEEPT5" failures="0" tests="1" name="org.Runner.TestRunner" time="5.569" errors="0" timestamp="2024-02-26T21:30:32 IST" skipped="0">
  <testcase classname="org.Runner.TestRunner" name="execution" time="5.569"/>
</testsuite> <!-- org.Runner.TestRunner -->
